Mon Dec  2 21:53:57 2024: Sending room-not-found to <starlette.websockets.WebSocket object at 0x000001813E942260>
Mon Dec  2 21:54:02 2024: Sending room-not-found to <starlette.websockets.WebSocket object at 0x000001813E942260>
Mon Dec  2 21:54:05 2024: Sending room-joined to <starlette.websockets.WebSocket object at 0x000001813E9984C0>
Mon Dec  2 21:54:05 2024: Sending user-joined to <starlette.websockets.WebSocket object at 0x000001813E9984C0>
Mon Dec  2 21:54:05 2024: Sending room-data to <starlette.websockets.WebSocket object at 0x000001813E9984C0>
Mon Dec  2 21:58:16 2024: Sending room-joined to <starlette.websockets.WebSocket object at 0x000001813E999210>
Mon Dec  2 21:58:16 2024: Sending user-joined to <starlette.websockets.WebSocket object at 0x000001813E999210>
Mon Dec  2 21:58:16 2024: Sending room-data to <starlette.websockets.WebSocket object at 0x000001813E999210>
Mon Dec  2 21:58:20 2024: Sending room-joined to <starlette.websockets.WebSocket object at 0x000001813E999A20>
Mon Dec  2 21:58:20 2024: Sending user-joined to <starlette.websockets.WebSocket object at 0x000001813E999A20>
Mon Dec  2 21:58:20 2024: Sending room-data to <starlette.websockets.WebSocket object at 0x000001813E999A20>
Mon Dec  2 21:58:29 2024: Sending room-joined to <starlette.websockets.WebSocket object at 0x000001813E941ED0>
Mon Dec  2 21:58:29 2024: Sending user-joined to <starlette.websockets.WebSocket object at 0x000001813E941ED0>
Mon Dec  2 21:58:29 2024: Sending room-data to <starlette.websockets.WebSocket object at 0x000001813E941ED0>
Mon Dec  2 21:58:58 2024: Sending room-joined to <starlette.websockets.WebSocket object at 0x000001813E99A080>
Mon Dec  2 21:58:58 2024: Sending user-joined to <starlette.websockets.WebSocket object at 0x000001813E99A080>
Mon Dec  2 21:58:58 2024: Sending room-data to <starlette.websockets.WebSocket object at 0x000001813E99A080>
Mon Dec  2 22:00:18 2024: Sending room-joined to <starlette.websockets.WebSocket object at 0x000001813E998B80>
Mon Dec  2 22:00:18 2024: Sending user-joined to <starlette.websockets.WebSocket object at 0x000001813E998B80>
Mon Dec  2 22:00:18 2024: Sending room-data to <starlette.websockets.WebSocket object at 0x000001813E998B80>
Mon Dec  2 22:00:40 2024: Sending room-joined to <starlette.websockets.WebSocket object at 0x000001813E99B5B0>
Mon Dec  2 22:00:40 2024: Sending user-joined to <starlette.websockets.WebSocket object at 0x000001813E99B5B0>
Mon Dec  2 22:00:40 2024: Sending room-data to <starlette.websockets.WebSocket object at 0x000001813E99B5B0>
Mon Dec  2 22:01:52 2024: Sending room-joined to <starlette.websockets.WebSocket object at 0x000001813E9B4790>
Mon Dec  2 22:01:52 2024: Sending user-joined to <starlette.websockets.WebSocket object at 0x000001813E9B4790>
Mon Dec  2 22:01:52 2024: Sending room-data to <starlette.websockets.WebSocket object at 0x000001813E9B4790>
Mon Dec  2 22:01:58 2024: Sending room-joined to <starlette.websockets.WebSocket object at 0x000001813E998AF0>
Mon Dec  2 22:01:58 2024: Sending user-joined to <starlette.websockets.WebSocket object at 0x000001813E998AF0>
Mon Dec  2 22:01:58 2024: Sending room-data to <starlette.websockets.WebSocket object at 0x000001813E998AF0>
Mon Dec  2 22:02:13 2024: Sending room-joined to <starlette.websockets.WebSocket object at 0x000001813E941510>
Mon Dec  2 22:02:13 2024: Sending user-joined to <starlette.websockets.WebSocket object at 0x000001813E941510>
Mon Dec  2 22:02:13 2024: Sending room-data to <starlette.websockets.WebSocket object at 0x000001813E941510>
Mon Dec  2 22:05:15 2024: Sending room-joined to <starlette.websockets.WebSocket object at 0x000001813E9B4850>
Mon Dec  2 22:05:15 2024: Sending user-joined to <starlette.websockets.WebSocket object at 0x000001813E9B4850>
Mon Dec  2 22:05:15 2024: Sending room-data to <starlette.websockets.WebSocket object at 0x000001813E9B4850>
Mon Dec  2 22:06:50 2024: Sending room-not-found to <starlette.websockets.WebSocket object at 0x000002042ECADED0>
Mon Dec  2 22:06:53 2024: Sending room-not-found to <starlette.websockets.WebSocket object at 0x000002042ECADED0>
Mon Dec  2 22:06:56 2024: Joining room 0 as host
Mon Dec  2 22:06:56 2024: Sending room-joined to <starlette.websockets.WebSocket object at 0x000002042ECAEBF0>
Mon Dec  2 22:06:56 2024: Sending user-joined to <starlette.websockets.WebSocket object at 0x000002042ECAEBF0>
Mon Dec  2 22:06:56 2024: Sending room-data to <starlette.websockets.WebSocket object at 0x000002042ECAEBF0>
Mon Dec  2 22:07:12 2024: Joining room 0 as host
Mon Dec  2 22:07:12 2024: Sending room-joined to <starlette.websockets.WebSocket object at 0x000002042ECAE4A0>
Mon Dec  2 22:07:12 2024: Sending user-joined to <starlette.websockets.WebSocket object at 0x000002042ECAE4A0>
Mon Dec  2 22:07:12 2024: Sending room-data to <starlette.websockets.WebSocket object at 0x000002042ECAE4A0>
Mon Dec  2 22:07:19 2024: Joining room 3882 as host
Mon Dec  2 22:07:19 2024: Sending room-joined to <starlette.websockets.WebSocket object at 0x000002042ECAB040>
Mon Dec  2 22:07:19 2024: Sending user-joined to <starlette.websockets.WebSocket object at 0x000002042ECAB040>
Mon Dec  2 22:07:19 2024: Sending room-data to <starlette.websockets.WebSocket object at 0x000002042ECAB040>
Mon Dec  2 22:10:42 2024: Sending room-not-found to <starlette.websockets.WebSocket object at 0x00000230D78BB9A0>
Mon Dec  2 22:11:01 2024: Sending room-not-found to <starlette.websockets.WebSocket object at 0x00000230D78BB9A0>
Mon Dec  2 22:11:02 2024: Sending room-not-found to <starlette.websockets.WebSocket object at 0x00000230D78BB130>
Mon Dec  2 22:11:16 2024: Sending room-not-found to <starlette.websockets.WebSocket object at 0x00000230D78BB130>
Mon Dec  2 22:11:16 2024: Sending room-not-found to <starlette.websockets.WebSocket object at 0x00000230D78A2080>
Mon Dec  2 22:11:18 2024: Sending room-not-found to <starlette.websockets.WebSocket object at 0x00000230D78A2080>
Mon Dec  2 22:11:19 2024: Sending room-not-found to <starlette.websockets.WebSocket object at 0x00000230D78BB310>
Mon Dec  2 22:11:26 2024: Sending room-not-found to <starlette.websockets.WebSocket object at 0x00000230D78BB310>
Mon Dec  2 22:11:29 2024: Joining room 0 as host
Mon Dec  2 22:11:29 2024: Sending room-joined to <starlette.websockets.WebSocket object at 0x00000230D78A2E90>
Mon Dec  2 22:11:29 2024: Sending user-joined to <starlette.websockets.WebSocket object at 0x00000230D78A2E90>
Mon Dec  2 22:11:29 2024: Sending room-data to <starlette.websockets.WebSocket object at 0x00000230D78A2E90>
Mon Dec  2 22:12:46 2024: Joining room 6729 as host
Mon Dec  2 22:12:46 2024: Sending room-joined to <starlette.websockets.WebSocket object at 0x00000230D78A35E0>
Mon Dec  2 22:12:46 2024: Sending user-joined to <starlette.websockets.WebSocket object at 0x00000230D78A35E0>
Mon Dec  2 22:12:46 2024: Sending room-data to <starlette.websockets.WebSocket object at 0x00000230D78A35E0>
Mon Dec  2 22:13:42 2024: Joining room 0 as host
Mon Dec  2 22:13:42 2024: Sending room-joined to <starlette.websockets.WebSocket object at 0x000001CA5C3BFA60>
Mon Dec  2 22:13:42 2024: Sending user-joined to <starlette.websockets.WebSocket object at 0x000001CA5C3BFA60>
Mon Dec  2 22:13:42 2024: Sending room-data to <starlette.websockets.WebSocket object at 0x000001CA5C3BFA60>
Mon Dec  2 22:14:57 2024: Joining room 0 as host
Mon Dec  2 22:14:57 2024: Sending room-joined to <starlette.websockets.WebSocket object at 0x000001BD91EEFA60>
Mon Dec  2 22:14:57 2024: Sending user-joined to <starlette.websockets.WebSocket object at 0x000001BD91EEFA60>
Mon Dec  2 22:14:57 2024: Sending room-data to <starlette.websockets.WebSocket object at 0x000001BD91EEFA60>
Mon Dec  2 22:15:43 2024: Joining room 0 as host
Mon Dec  2 22:15:43 2024: Sending room-joined to <starlette.websockets.WebSocket object at 0x000001BD91EEDB70>
Mon Dec  2 22:15:43 2024: Sending user-joined to <starlette.websockets.WebSocket object at 0x000001BD91EEDB70>
Mon Dec  2 22:15:43 2024: Sending room-data to <starlette.websockets.WebSocket object at 0x000001BD91EEDB70>
Mon Dec  2 22:15:50 2024: Joining room 0 as host
Mon Dec  2 22:15:50 2024: Sending room-joined to <starlette.websockets.WebSocket object at 0x000001BD91EEE2F0>
Mon Dec  2 22:15:50 2024: Sending user-joined to <starlette.websockets.WebSocket object at 0x000001BD91EEE2F0>
Mon Dec  2 22:15:50 2024: Sending room-data to <starlette.websockets.WebSocket object at 0x000001BD91EEE2F0>
Mon Dec  2 22:15:52 2024: Joining room 0 as host
Mon Dec  2 22:15:52 2024: Sending room-joined to <starlette.websockets.WebSocket object at 0x000001BD91EEFB20>
Mon Dec  2 22:15:52 2024: Sending user-joined to <starlette.websockets.WebSocket object at 0x000001BD91EEFB20>
Mon Dec  2 22:15:52 2024: Sending room-data to <starlette.websockets.WebSocket object at 0x000001BD91EEFB20>
Mon Dec  2 22:15:57 2024: Joining room 0 as host
Mon Dec  2 22:15:57 2024: Sending room-joined to <starlette.websockets.WebSocket object at 0x000001BD91EEA530>
Mon Dec  2 22:15:57 2024: Sending user-joined to <starlette.websockets.WebSocket object at 0x000001BD91EEA530>
Mon Dec  2 22:15:57 2024: Sending room-data to <starlette.websockets.WebSocket object at 0x000001BD91EEA530>
Mon Dec  2 22:16:01 2024: Joining room 0 as host
Mon Dec  2 22:16:01 2024: Sending room-joined to <starlette.websockets.WebSocket object at 0x000001BD91EEF3A0>
Mon Dec  2 22:16:01 2024: Sending user-joined to <starlette.websockets.WebSocket object at 0x000001BD91EEF3A0>
Mon Dec  2 22:16:01 2024: Sending room-data to <starlette.websockets.WebSocket object at 0x000001BD91EEF3A0>
Mon Dec  2 22:16:05 2024: Joining room 0 as host
Mon Dec  2 22:16:05 2024: Sending room-joined to <starlette.websockets.WebSocket object at 0x000001BD91EE9F90>
Mon Dec  2 22:16:05 2024: Sending user-joined to <starlette.websockets.WebSocket object at 0x000001BD91EE9F90>
Mon Dec  2 22:16:05 2024: Sending room-data to <starlette.websockets.WebSocket object at 0x000001BD91EE9F90>
Mon Dec  2 22:16:07 2024: Joining room 0 as host
Mon Dec  2 22:16:07 2024: Sending room-joined to <starlette.websockets.WebSocket object at 0x000001BD91EE9180>
Mon Dec  2 22:16:07 2024: Sending user-joined to <starlette.websockets.WebSocket object at 0x000001BD91EE9180>
Mon Dec  2 22:16:07 2024: Sending room-data to <starlette.websockets.WebSocket object at 0x000001BD91EE9180>
Mon Dec  2 22:16:20 2024: Joining room 0 as host
Mon Dec  2 22:16:20 2024: Sending room-joined to <starlette.websockets.WebSocket object at 0x000001BD91EEE080>
Mon Dec  2 22:16:20 2024: Sending user-joined to <starlette.websockets.WebSocket object at 0x000001BD91EEE080>
Mon Dec  2 22:16:20 2024: Sending room-data to <starlette.websockets.WebSocket object at 0x000001BD91EEE080>
Mon Dec  2 22:17:05 2024: Joining room 0 as host
Mon Dec  2 22:17:05 2024: Sending room-joined to <starlette.websockets.WebSocket object at 0x000001BD91EEB7F0>
Mon Dec  2 22:17:05 2024: Sending user-joined to <starlette.websockets.WebSocket object at 0x000001BD91EEB7F0>
Mon Dec  2 22:17:05 2024: Sending room-data to <starlette.websockets.WebSocket object at 0x000001BD91EEB7F0>
Mon Dec  2 22:18:54 2024: Sending room-not-found to <starlette.websockets.WebSocket object at 0x000002C9E93EDF00>
Mon Dec  2 22:18:59 2024: Sending room-not-found to <starlette.websockets.WebSocket object at 0x000002C9E93EDF00>
Mon Dec  2 22:19:03 2024: Joining room 0 as host elliot
Mon Dec  2 22:19:03 2024: Sending room-joined to <starlette.websockets.WebSocket object at 0x000002C9E93ED900>
Mon Dec  2 22:19:03 2024: Sending user-joined to <starlette.websockets.WebSocket object at 0x000002C9E93ED900>
Mon Dec  2 22:19:03 2024: Sending room-data to <starlette.websockets.WebSocket object at 0x000002C9E93ED900>
Mon Dec  2 22:20:02 2024: Joining room 0 as host elliot
Mon Dec  2 22:20:02 2024: Sending room-joined to <starlette.websockets.WebSocket object at 0x000002C9E93EE740>
Mon Dec  2 22:20:02 2024: Sending user-joined to <starlette.websockets.WebSocket object at 0x000002C9E93EE740>
Mon Dec  2 22:20:02 2024: Sending room-data to <starlette.websockets.WebSocket object at 0x000002C9E93EE740>
Mon Dec  2 22:20:10 2024: Joining room 0 as host elliot
Mon Dec  2 22:20:10 2024: Sending room-joined to <starlette.websockets.WebSocket object at 0x000002C9E93D3AF0>
Mon Dec  2 22:20:10 2024: Sending user-joined to <starlette.websockets.WebSocket object at 0x000002C9E93D3AF0>
Mon Dec  2 22:20:10 2024: Sending room-data to <starlette.websockets.WebSocket object at 0x000002C9E93D3AF0>
Mon Dec  2 22:20:12 2024: Joining room 0 as host elliot
Mon Dec  2 22:20:12 2024: Sending room-joined to <starlette.websockets.WebSocket object at 0x000002C9E93EF520>
Mon Dec  2 22:20:12 2024: Sending user-joined to <starlette.websockets.WebSocket object at 0x000002C9E93EF520>
Mon Dec  2 22:20:12 2024: Sending room-data to <starlette.websockets.WebSocket object at 0x000002C9E93EF520>
Mon Dec  2 22:20:23 2024: Joining room 9009 as host elliot
Mon Dec  2 22:20:23 2024: Sending room-joined to <starlette.websockets.WebSocket object at 0x000002C9E93D28C0>
Mon Dec  2 22:20:23 2024: Sending user-joined to <starlette.websockets.WebSocket object at 0x000002C9E93D28C0>
Mon Dec  2 22:20:23 2024: Sending room-data to <starlette.websockets.WebSocket object at 0x000002C9E93D28C0>
Mon Dec  2 22:20:45 2024: Joining room 9009 as host elliot
Mon Dec  2 22:20:45 2024: Sending room-joined to <starlette.websockets.WebSocket object at 0x000002C9E93D1900>
Mon Dec  2 22:20:45 2024: Sending user-joined to <starlette.websockets.WebSocket object at 0x000002C9E93D1900>
Mon Dec  2 22:20:45 2024: Sending room-data to <starlette.websockets.WebSocket object at 0x000002C9E93D1900>
Mon Dec  2 22:20:49 2024: Joining room 9009 as host elliot
Mon Dec  2 22:20:49 2024: Sending room-joined to <starlette.websockets.WebSocket object at 0x000002C9E93D3A00>
Mon Dec  2 22:20:49 2024: Sending user-joined to <starlette.websockets.WebSocket object at 0x000002C9E93D3A00>
Mon Dec  2 22:20:49 2024: Sending room-data to <starlette.websockets.WebSocket object at 0x000002C9E93D3A00>
Mon Dec  2 22:21:01 2024: Joining room 9009 as host elliot
Mon Dec  2 22:21:01 2024: Sending room-joined to <starlette.websockets.WebSocket object at 0x000002C9E93FA830>
Mon Dec  2 22:21:01 2024: Sending user-joined to <starlette.websockets.WebSocket object at 0x000002C9E93FA830>
Mon Dec  2 22:21:01 2024: Sending room-data to <starlette.websockets.WebSocket object at 0x000002C9E93FA830>
Mon Dec  2 22:21:05 2024: Joining room 9009 as host elliot
Mon Dec  2 22:21:05 2024: Sending room-joined to <starlette.websockets.WebSocket object at 0x000002C9E93FADA0>
Mon Dec  2 22:21:05 2024: Sending user-joined to <starlette.websockets.WebSocket object at 0x000002C9E93FADA0>
Mon Dec  2 22:21:05 2024: Sending room-data to <starlette.websockets.WebSocket object at 0x000002C9E93FADA0>
Mon Dec  2 22:21:25 2024: Joining room 9009 as host elliot
Mon Dec  2 22:21:25 2024: Sending room-joined to <starlette.websockets.WebSocket object at 0x000002C9E93F9C90>
Mon Dec  2 22:21:25 2024: Sending user-joined to <starlette.websockets.WebSocket object at 0x000002C9E93F9C90>
Mon Dec  2 22:21:25 2024: Sending room-data to <starlette.websockets.WebSocket object at 0x000002C9E93F9C90>
Mon Dec  2 22:21:28 2024: Joining room 9009 as host elliot
Mon Dec  2 22:21:28 2024: Sending room-joined to <starlette.websockets.WebSocket object at 0x000002C9E93D2860>
Mon Dec  2 22:21:28 2024: Sending user-joined to <starlette.websockets.WebSocket object at 0x000002C9E93D2860>
Mon Dec  2 22:21:28 2024: Sending room-data to <starlette.websockets.WebSocket object at 0x000002C9E93D2860>
Mon Dec  2 22:21:39 2024: Joining room 9009 as host elliot
Mon Dec  2 22:21:39 2024: Sending room-joined to <starlette.websockets.WebSocket object at 0x000002C9E93D2B90>
Mon Dec  2 22:21:39 2024: Sending user-joined to <starlette.websockets.WebSocket object at 0x000002C9E93D2B90>
Mon Dec  2 22:21:39 2024: Sending room-data to <starlette.websockets.WebSocket object at 0x000002C9E93D2B90>
Mon Dec  2 22:21:41 2024: Joining room 9009 as host elliot
Mon Dec  2 22:21:41 2024: Sending room-joined to <starlette.websockets.WebSocket object at 0x000002C9E93D39A0>
Mon Dec  2 22:21:41 2024: Sending user-joined to <starlette.websockets.WebSocket object at 0x000002C9E93D39A0>
Mon Dec  2 22:21:41 2024: Sending room-data to <starlette.websockets.WebSocket object at 0x000002C9E93D39A0>
Mon Dec  2 22:22:16 2024: Joining room 9009 as host elliot
Mon Dec  2 22:22:16 2024: Sending room-joined to <starlette.websockets.WebSocket object at 0x000002C9E93EFA30>
Mon Dec  2 22:22:16 2024: Sending user-joined to <starlette.websockets.WebSocket object at 0x000002C9E93EFA30>
Mon Dec  2 22:22:16 2024: Sending room-data to <starlette.websockets.WebSocket object at 0x000002C9E93EFA30>
Mon Dec  2 22:22:18 2024: Joining room 9009 as host elliot
Mon Dec  2 22:22:18 2024: Sending room-joined to <starlette.websockets.WebSocket object at 0x000002C9E93EDB70>
Mon Dec  2 22:22:18 2024: Sending user-joined to <starlette.websockets.WebSocket object at 0x000002C9E93EDB70>
Mon Dec  2 22:22:18 2024: Sending room-data to <starlette.websockets.WebSocket object at 0x000002C9E93EDB70>
Mon Dec  2 22:22:23 2024: Joining room 9009 as host elliot
Mon Dec  2 22:22:23 2024: Sending room-joined to <starlette.websockets.WebSocket object at 0x000002C9E93F9C00>
Mon Dec  2 22:22:23 2024: Sending user-joined to <starlette.websockets.WebSocket object at 0x000002C9E93F9C00>
Mon Dec  2 22:22:23 2024: Sending room-data to <starlette.websockets.WebSocket object at 0x000002C9E93F9C00>
Mon Dec  2 22:22:25 2024: Joining room 9009 as host elliot
Mon Dec  2 22:22:25 2024: Sending room-joined to <starlette.websockets.WebSocket object at 0x000002C9E93EEB30>
Mon Dec  2 22:22:25 2024: Sending user-joined to <starlette.websockets.WebSocket object at 0x000002C9E93EEB30>
Mon Dec  2 22:22:25 2024: Sending room-data to <starlette.websockets.WebSocket object at 0x000002C9E93EEB30>
Mon Dec  2 22:22:29 2024: Joining room 9009 as host elliot
Mon Dec  2 22:22:29 2024: Sending room-joined to <starlette.websockets.WebSocket object at 0x000002C9E93D23B0>
Mon Dec  2 22:22:29 2024: Sending user-joined to <starlette.websockets.WebSocket object at 0x000002C9E93D23B0>
Mon Dec  2 22:22:29 2024: Sending room-data to <starlette.websockets.WebSocket object at 0x000002C9E93D23B0>
Mon Dec  2 22:22:38 2024: Joining room 9009 as host elliot
Mon Dec  2 22:22:38 2024: Sending room-joined to <starlette.websockets.WebSocket object at 0x000002C9E93D1FF0>
Mon Dec  2 22:22:38 2024: Sending user-joined to <starlette.websockets.WebSocket object at 0x000002C9E93D1FF0>
Mon Dec  2 22:22:38 2024: Sending room-data to <starlette.websockets.WebSocket object at 0x000002C9E93D1FF0>
Mon Dec  2 22:22:41 2024: Sending video-data to <starlette.websockets.WebSocket object at 0x000002C9E93D1FF0>
Mon Dec  2 22:22:42 2024: Sending video-data to <starlette.websockets.WebSocket object at 0x000002C9E93D1FF0>
Mon Dec  2 22:22:43 2024: Sending video-data to <starlette.websockets.WebSocket object at 0x000002C9E93D1FF0>
Mon Dec  2 22:22:44 2024: Sending video-data to <starlette.websockets.WebSocket object at 0x000002C9E93D1FF0>
Mon Dec  2 22:22:44 2024: Sending video-data to <starlette.websockets.WebSocket object at 0x000002C9E93D1FF0>
Mon Dec  2 22:22:44 2024: Sending video-data to <starlette.websockets.WebSocket object at 0x000002C9E93D1FF0>
Mon Dec  2 22:22:44 2024: Sending video-data to <starlette.websockets.WebSocket object at 0x000002C9E93D1FF0>
Mon Dec  2 22:22:44 2024: Sending video-data to <starlette.websockets.WebSocket object at 0x000002C9E93D1FF0>
Mon Dec  2 22:22:44 2024: Sending video-data to <starlette.websockets.WebSocket object at 0x000002C9E93D1FF0>
Mon Dec  2 22:22:44 2024: Sending video-data to <starlette.websockets.WebSocket object at 0x000002C9E93D1FF0>
Mon Dec  2 22:22:44 2024: Sending video-data to <starlette.websockets.WebSocket object at 0x000002C9E93D1FF0>
Mon Dec  2 22:22:44 2024: Sending video-data to <starlette.websockets.WebSocket object at 0x000002C9E93D1FF0>
Mon Dec  2 22:22:44 2024: Sending video-data to <starlette.websockets.WebSocket object at 0x000002C9E93D1FF0>
Mon Dec  2 22:22:44 2024: Sending video-data to <starlette.websockets.WebSocket object at 0x000002C9E93D1FF0>
Mon Dec  2 22:22:44 2024: Sending video-data to <starlette.websockets.WebSocket object at 0x000002C9E93D1FF0>
Mon Dec  2 22:22:44 2024: Sending video-data to <starlette.websockets.WebSocket object at 0x000002C9E93D1FF0>
Mon Dec  2 22:22:44 2024: Sending video-data to <starlette.websockets.WebSocket object at 0x000002C9E93D1FF0>
Mon Dec  2 22:22:44 2024: Sending video-data to <starlette.websockets.WebSocket object at 0x000002C9E93D1FF0>
Mon Dec  2 22:22:44 2024: Sending video-data to <starlette.websockets.WebSocket object at 0x000002C9E93D1FF0>
Mon Dec  2 22:22:44 2024: Sending video-data to <starlette.websockets.WebSocket object at 0x000002C9E93D1FF0>
Mon Dec  2 22:22:44 2024: Sending video-data to <starlette.websockets.WebSocket object at 0x000002C9E93D1FF0>
Mon Dec  2 22:22:44 2024: Sending video-data to <starlette.websockets.WebSocket object at 0x000002C9E93D1FF0>
Mon Dec  2 22:22:44 2024: Sending video-data to <starlette.websockets.WebSocket object at 0x000002C9E93D1FF0>
Mon Dec  2 22:22:44 2024: Sending video-data to <starlette.websockets.WebSocket object at 0x000002C9E93D1FF0>
Mon Dec  2 22:22:44 2024: Sending video-data to <starlette.websockets.WebSocket object at 0x000002C9E93D1FF0>
Mon Dec  2 22:22:44 2024: Sending video-data to <starlette.websockets.WebSocket object at 0x000002C9E93D1FF0>
Mon Dec  2 22:22:44 2024: Sending video-data to <starlette.websockets.WebSocket object at 0x000002C9E93D1FF0>
Mon Dec  2 22:22:44 2024: Sending video-data to <starlette.websockets.WebSocket object at 0x000002C9E93D1FF0>
Mon Dec  2 22:22:44 2024: Sending video-data to <starlette.websockets.WebSocket object at 0x000002C9E93D1FF0>
Mon Dec  2 22:22:44 2024: Sending video-data to <starlette.websockets.WebSocket object at 0x000002C9E93D1FF0>
Mon Dec  2 22:22:44 2024: Sending video-data to <starlette.websockets.WebSocket object at 0x000002C9E93D1FF0>
Mon Dec  2 22:22:44 2024: Sending video-data to <starlette.websockets.WebSocket object at 0x000002C9E93D1FF0>
Mon Dec  2 22:22:44 2024: Sending video-data to <starlette.websockets.WebSocket object at 0x000002C9E93D1FF0>
Mon Dec  2 22:22:44 2024: Sending video-data to <starlette.websockets.WebSocket object at 0x000002C9E93D1FF0>
Mon Dec  2 22:22:44 2024: Sending video-data to <starlette.websockets.WebSocket object at 0x000002C9E93D1FF0>
Mon Dec  2 22:22:44 2024: Sending video-data to <starlette.websockets.WebSocket object at 0x000002C9E93D1FF0>
Mon Dec  2 22:22:44 2024: Sending video-data to <starlette.websockets.WebSocket object at 0x000002C9E93D1FF0>
Mon Dec  2 22:22:44 2024: Sending video-data to <starlette.websockets.WebSocket object at 0x000002C9E93D1FF0>
Mon Dec  2 22:22:44 2024: Sending video-data to <starlette.websockets.WebSocket object at 0x000002C9E93D1FF0>
Mon Dec  2 22:22:44 2024: Sending video-data to <starlette.websockets.WebSocket object at 0x000002C9E93D1FF0>
Mon Dec  2 22:22:44 2024: Sending video-data to <starlette.websockets.WebSocket object at 0x000002C9E93D1FF0>
Mon Dec  2 22:22:44 2024: Sending video-data to <starlette.websockets.WebSocket object at 0x000002C9E93D1FF0>
Mon Dec  2 22:22:44 2024: Sending video-data to <starlette.websockets.WebSocket object at 0x000002C9E93D1FF0>
Mon Dec  2 22:22:44 2024: Sending video-data to <starlette.websockets.WebSocket object at 0x000002C9E93D1FF0>
Mon Dec  2 22:22:44 2024: Sending video-data to <starlette.websockets.WebSocket object at 0x000002C9E93D1FF0>
Mon Dec  2 22:22:44 2024: Sending video-data to <starlette.websockets.WebSocket object at 0x000002C9E93D1FF0>
Mon Dec  2 22:22:44 2024: Sending video-data to <starlette.websockets.WebSocket object at 0x000002C9E93D1FF0>
Mon Dec  2 22:22:44 2024: Sending video-data to <starlette.websockets.WebSocket object at 0x000002C9E93D1FF0>
Mon Dec  2 22:22:44 2024: Sending video-data to <starlette.websockets.WebSocket object at 0x000002C9E93D1FF0>
Mon Dec  2 22:22:44 2024: Sending video-data to <starlette.websockets.WebSocket object at 0x000002C9E93D1FF0>
Mon Dec  2 22:22:45 2024: Sending video-data to <starlette.websockets.WebSocket object at 0x000002C9E93D1FF0>
Mon Dec  2 22:22:45 2024: Sending video-data to <starlette.websockets.WebSocket object at 0x000002C9E93D1FF0>
Mon Dec  2 22:22:45 2024: Sending video-data to <starlette.websockets.WebSocket object at 0x000002C9E93D1FF0>
Mon Dec  2 22:22:45 2024: Sending video-data to <starlette.websockets.WebSocket object at 0x000002C9E93D1FF0>
Mon Dec  2 22:22:45 2024: Sending video-data to <starlette.websockets.WebSocket object at 0x000002C9E93D1FF0>
Mon Dec  2 22:22:45 2024: Sending video-data to <starlette.websockets.WebSocket object at 0x000002C9E93D1FF0>
Mon Dec  2 22:22:45 2024: Sending video-data to <starlette.websockets.WebSocket object at 0x000002C9E93D1FF0>
Mon Dec  2 22:22:45 2024: Sending video-data to <starlette.websockets.WebSocket object at 0x000002C9E93D1FF0>
Mon Dec  2 22:22:45 2024: Sending video-data to <starlette.websockets.WebSocket object at 0x000002C9E93D1FF0>
Mon Dec  2 22:22:45 2024: Sending video-data to <starlette.websockets.WebSocket object at 0x000002C9E93D1FF0>
Mon Dec  2 22:22:45 2024: Sending video-data to <starlette.websockets.WebSocket object at 0x000002C9E93D1FF0>
Mon Dec  2 22:22:45 2024: Sending video-data to <starlette.websockets.WebSocket object at 0x000002C9E93D1FF0>
Mon Dec  2 22:22:45 2024: Sending video-data to <starlette.websockets.WebSocket object at 0x000002C9E93D1FF0>
Mon Dec  2 22:22:45 2024: Sending video-data to <starlette.websockets.WebSocket object at 0x000002C9E93D1FF0>
Mon Dec  2 22:22:45 2024: Sending video-data to <starlette.websockets.WebSocket object at 0x000002C9E93D1FF0>
Mon Dec  2 22:22:45 2024: Sending video-data to <starlette.websockets.WebSocket object at 0x000002C9E93D1FF0>
Mon Dec  2 22:22:45 2024: Sending video-data to <starlette.websockets.WebSocket object at 0x000002C9E93D1FF0>
Mon Dec  2 22:22:45 2024: Sending video-data to <starlette.websockets.WebSocket object at 0x000002C9E93D1FF0>
Mon Dec  2 22:22:45 2024: Sending video-data to <starlette.websockets.WebSocket object at 0x000002C9E93D1FF0>
Mon Dec  2 22:22:45 2024: Sending video-data to <starlette.websockets.WebSocket object at 0x000002C9E93D1FF0>
Mon Dec  2 22:22:45 2024: Sending video-data to <starlette.websockets.WebSocket object at 0x000002C9E93D1FF0>
Mon Dec  2 22:22:45 2024: Sending video-data to <starlette.websockets.WebSocket object at 0x000002C9E93D1FF0>
Mon Dec  2 22:22:45 2024: Sending video-data to <starlette.websockets.WebSocket object at 0x000002C9E93D1FF0>
Mon Dec  2 22:22:45 2024: Sending video-data to <starlette.websockets.WebSocket object at 0x000002C9E93D1FF0>
Mon Dec  2 22:22:45 2024: Sending video-data to <starlette.websockets.WebSocket object at 0x000002C9E93D1FF0>
Mon Dec  2 22:22:45 2024: Sending video-data to <starlette.websockets.WebSocket object at 0x000002C9E93D1FF0>
Mon Dec  2 22:22:45 2024: Sending video-data to <starlette.websockets.WebSocket object at 0x000002C9E93D1FF0>
Mon Dec  2 22:22:45 2024: Sending video-data to <starlette.websockets.WebSocket object at 0x000002C9E93D1FF0>
Mon Dec  2 22:22:45 2024: Sending video-data to <starlette.websockets.WebSocket object at 0x000002C9E93D1FF0>
Mon Dec  2 22:22:45 2024: Sending video-data to <starlette.websockets.WebSocket object at 0x000002C9E93D1FF0>
Mon Dec  2 22:22:45 2024: Sending video-data to <starlette.websockets.WebSocket object at 0x000002C9E93D1FF0>
Mon Dec  2 22:22:45 2024: Sending video-data to <starlette.websockets.WebSocket object at 0x000002C9E93D1FF0>
Mon Dec  2 22:22:45 2024: Sending video-data to <starlette.websockets.WebSocket object at 0x000002C9E93D1FF0>
Mon Dec  2 22:22:45 2024: Sending video-data to <starlette.websockets.WebSocket object at 0x000002C9E93D1FF0>
Mon Dec  2 22:22:45 2024: Sending video-data to <starlette.websockets.WebSocket object at 0x000002C9E93D1FF0>
Mon Dec  2 22:22:45 2024: Sending video-data to <starlette.websockets.WebSocket object at 0x000002C9E93D1FF0>
Mon Dec  2 22:22:45 2024: Sending video-data to <starlette.websockets.WebSocket object at 0x000002C9E93D1FF0>
Mon Dec  2 22:22:45 2024: Sending video-data to <starlette.websockets.WebSocket object at 0x000002C9E93D1FF0>
Mon Dec  2 22:22:45 2024: Sending video-data to <starlette.websockets.WebSocket object at 0x000002C9E93D1FF0>
Mon Dec  2 22:22:45 2024: Sending video-data to <starlette.websockets.WebSocket object at 0x000002C9E93D1FF0>
Mon Dec  2 22:22:45 2024: Sending video-data to <starlette.websockets.WebSocket object at 0x000002C9E93D1FF0>
Mon Dec  2 22:22:45 2024: Sending video-data to <starlette.websockets.WebSocket object at 0x000002C9E93D1FF0>
Mon Dec  2 22:22:45 2024: Sending video-data to <starlette.websockets.WebSocket object at 0x000002C9E93D1FF0>
Mon Dec  2 22:22:45 2024: Sending video-data to <starlette.websockets.WebSocket object at 0x000002C9E93D1FF0>
Mon Dec  2 22:22:45 2024: Sending video-data to <starlette.websockets.WebSocket object at 0x000002C9E93D1FF0>
Mon Dec  2 22:22:45 2024: Sending video-data to <starlette.websockets.WebSocket object at 0x000002C9E93D1FF0>
Mon Dec  2 22:22:45 2024: Sending video-data to <starlette.websockets.WebSocket object at 0x000002C9E93D1FF0>
Mon Dec  2 22:22:45 2024: Sending video-data to <starlette.websockets.WebSocket object at 0x000002C9E93D1FF0>
Mon Dec  2 22:22:45 2024: Sending video-data to <starlette.websockets.WebSocket object at 0x000002C9E93D1FF0>
Mon Dec  2 22:22:45 2024: Sending video-data to <starlette.websockets.WebSocket object at 0x000002C9E93D1FF0>
Mon Dec  2 22:22:45 2024: Sending video-data to <starlette.websockets.WebSocket object at 0x000002C9E93D1FF0>
Mon Dec  2 22:22:45 2024: Sending video-data to <starlette.websockets.WebSocket object at 0x000002C9E93D1FF0>
Mon Dec  2 22:22:45 2024: Sending video-data to <starlette.websockets.WebSocket object at 0x000002C9E93D1FF0>
Mon Dec  2 22:22:45 2024: Sending video-data to <starlette.websockets.WebSocket object at 0x000002C9E93D1FF0>
Mon Dec  2 22:22:45 2024: Sending video-data to <starlette.websockets.WebSocket object at 0x000002C9E93D1FF0>
Mon Dec  2 22:22:45 2024: Sending video-data to <starlette.websockets.WebSocket object at 0x000002C9E93D1FF0>
Mon Dec  2 22:22:45 2024: Sending video-data to <starlette.websockets.WebSocket object at 0x000002C9E93D1FF0>
Mon Dec  2 22:22:45 2024: Sending video-data to <starlette.websockets.WebSocket object at 0x000002C9E93D1FF0>
Mon Dec  2 22:22:45 2024: Sending video-data to <starlette.websockets.WebSocket object at 0x000002C9E93D1FF0>
Mon Dec  2 22:22:49 2024: Sending video-data to <starlette.websockets.WebSocket object at 0x000002C9E93D1FF0>
Mon Dec  2 22:22:50 2024: Sending video-data to <starlette.websockets.WebSocket object at 0x000002C9E93D1FF0>
Mon Dec  2 22:22:50 2024: Sending video-data to <starlette.websockets.WebSocket object at 0x000002C9E93D1FF0>
Mon Dec  2 22:22:50 2024: Sending video-data to <starlette.websockets.WebSocket object at 0x000002C9E93D1FF0>
Mon Dec  2 22:22:50 2024: Sending video-data to <starlette.websockets.WebSocket object at 0x000002C9E93D1FF0>
Mon Dec  2 22:22:50 2024: Sending video-data to <starlette.websockets.WebSocket object at 0x000002C9E93D1FF0>
Mon Dec  2 22:22:50 2024: Sending video-data to <starlette.websockets.WebSocket object at 0x000002C9E93D1FF0>
Mon Dec  2 22:22:50 2024: Sending video-data to <starlette.websockets.WebSocket object at 0x000002C9E93D1FF0>
Mon Dec  2 22:22:50 2024: Sending video-data to <starlette.websockets.WebSocket object at 0x000002C9E93D1FF0>
Mon Dec  2 22:22:50 2024: Sending video-data to <starlette.websockets.WebSocket object at 0x000002C9E93D1FF0>
Mon Dec  2 22:22:50 2024: Sending video-data to <starlette.websockets.WebSocket object at 0x000002C9E93D1FF0>
Mon Dec  2 22:22:50 2024: Sending video-data to <starlette.websockets.WebSocket object at 0x000002C9E93D1FF0>
Mon Dec  2 22:22:50 2024: Sending video-data to <starlette.websockets.WebSocket object at 0x000002C9E93D1FF0>
Mon Dec  2 22:22:50 2024: Sending video-data to <starlette.websockets.WebSocket object at 0x000002C9E93D1FF0>
Mon Dec  2 22:22:50 2024: Sending video-data to <starlette.websockets.WebSocket object at 0x000002C9E93D1FF0>
Mon Dec  2 22:22:50 2024: Sending video-data to <starlette.websockets.WebSocket object at 0x000002C9E93D1FF0>
Mon Dec  2 22:22:50 2024: Sending video-data to <starlette.websockets.WebSocket object at 0x000002C9E93D1FF0>
Mon Dec  2 22:22:50 2024: Sending video-data to <starlette.websockets.WebSocket object at 0x000002C9E93D1FF0>
Mon Dec  2 22:22:50 2024: Sending video-data to <starlette.websockets.WebSocket object at 0x000002C9E93D1FF0>
Mon Dec  2 22:22:50 2024: Sending video-data to <starlette.websockets.WebSocket object at 0x000002C9E93D1FF0>
Mon Dec  2 22:22:50 2024: Sending video-data to <starlette.websockets.WebSocket object at 0x000002C9E93D1FF0>
Mon Dec  2 22:22:50 2024: Sending video-data to <starlette.websockets.WebSocket object at 0x000002C9E93D1FF0>
Mon Dec  2 22:22:50 2024: Sending video-data to <starlette.websockets.WebSocket object at 0x000002C9E93D1FF0>
Mon Dec  2 22:22:50 2024: Sending video-data to <starlette.websockets.WebSocket object at 0x000002C9E93D1FF0>
Mon Dec  2 22:22:50 2024: Sending video-data to <starlette.websockets.WebSocket object at 0x000002C9E93D1FF0>
Mon Dec  2 22:22:50 2024: Sending video-data to <starlette.websockets.WebSocket object at 0x000002C9E93D1FF0>
Mon Dec  2 22:22:50 2024: Sending video-data to <starlette.websockets.WebSocket object at 0x000002C9E93D1FF0>
Mon Dec  2 22:22:50 2024: Sending video-data to <starlette.websockets.WebSocket object at 0x000002C9E93D1FF0>
Mon Dec  2 22:22:50 2024: Sending video-data to <starlette.websockets.WebSocket object at 0x000002C9E93D1FF0>
Mon Dec  2 22:22:50 2024: Sending video-data to <starlette.websockets.WebSocket object at 0x000002C9E93D1FF0>
Mon Dec  2 22:22:50 2024: Sending video-data to <starlette.websockets.WebSocket object at 0x000002C9E93D1FF0>
Mon Dec  2 22:22:50 2024: Sending video-data to <starlette.websockets.WebSocket object at 0x000002C9E93D1FF0>
Mon Dec  2 22:22:50 2024: Sending video-data to <starlette.websockets.WebSocket object at 0x000002C9E93D1FF0>
Mon Dec  2 22:22:50 2024: Sending video-data to <starlette.websockets.WebSocket object at 0x000002C9E93D1FF0>
Mon Dec  2 22:22:50 2024: Sending video-data to <starlette.websockets.WebSocket object at 0x000002C9E93D1FF0>
Mon Dec  2 22:22:50 2024: Sending video-data to <starlette.websockets.WebSocket object at 0x000002C9E93D1FF0>
Mon Dec  2 22:22:50 2024: Sending video-data to <starlette.websockets.WebSocket object at 0x000002C9E93D1FF0>
Mon Dec  2 22:22:50 2024: Sending video-data to <starlette.websockets.WebSocket object at 0x000002C9E93D1FF0>
Mon Dec  2 22:22:50 2024: Sending video-data to <starlette.websockets.WebSocket object at 0x000002C9E93D1FF0>
Mon Dec  2 22:22:50 2024: Sending video-data to <starlette.websockets.WebSocket object at 0x000002C9E93D1FF0>
Mon Dec  2 22:22:50 2024: Sending video-data to <starlette.websockets.WebSocket object at 0x000002C9E93D1FF0>
Mon Dec  2 22:22:50 2024: Sending video-data to <starlette.websockets.WebSocket object at 0x000002C9E93D1FF0>
Mon Dec  2 22:22:50 2024: Sending video-data to <starlette.websockets.WebSocket object at 0x000002C9E93D1FF0>
Mon Dec  2 22:22:50 2024: Sending video-data to <starlette.websockets.WebSocket object at 0x000002C9E93D1FF0>
Mon Dec  2 22:22:50 2024: Sending video-data to <starlette.websockets.WebSocket object at 0x000002C9E93D1FF0>
Mon Dec  2 22:22:50 2024: Sending video-data to <starlette.websockets.WebSocket object at 0x000002C9E93D1FF0>
Mon Dec  2 22:22:50 2024: Sending video-data to <starlette.websockets.WebSocket object at 0x000002C9E93D1FF0>
Mon Dec  2 22:22:50 2024: Sending video-data to <starlette.websockets.WebSocket object at 0x000002C9E93D1FF0>
Mon Dec  2 22:22:50 2024: Sending video-data to <starlette.websockets.WebSocket object at 0x000002C9E93D1FF0>
Mon Dec  2 22:22:50 2024: Sending video-data to <starlette.websockets.WebSocket object at 0x000002C9E93D1FF0>
Mon Dec  2 22:22:50 2024: Sending video-data to <starlette.websockets.WebSocket object at 0x000002C9E93D1FF0>
Mon Dec  2 22:22:50 2024: Sending video-data to <starlette.websockets.WebSocket object at 0x000002C9E93D1FF0>
Mon Dec  2 22:22:50 2024: Sending video-data to <starlette.websockets.WebSocket object at 0x000002C9E93D1FF0>
Mon Dec  2 22:22:50 2024: Sending video-data to <starlette.websockets.WebSocket object at 0x000002C9E93D1FF0>
Mon Dec  2 22:22:50 2024: Sending video-data to <starlette.websockets.WebSocket object at 0x000002C9E93D1FF0>
Mon Dec  2 22:22:50 2024: Sending video-data to <starlette.websockets.WebSocket object at 0x000002C9E93D1FF0>
Mon Dec  2 22:22:50 2024: Sending video-data to <starlette.websockets.WebSocket object at 0x000002C9E93D1FF0>
Mon Dec  2 22:22:50 2024: Sending video-data to <starlette.websockets.WebSocket object at 0x000002C9E93D1FF0>
Mon Dec  2 22:22:50 2024: Sending video-data to <starlette.websockets.WebSocket object at 0x000002C9E93D1FF0>
Mon Dec  2 22:22:50 2024: Sending video-data to <starlette.websockets.WebSocket object at 0x000002C9E93D1FF0>
Mon Dec  2 22:22:50 2024: Sending video-data to <starlette.websockets.WebSocket object at 0x000002C9E93D1FF0>
Mon Dec  2 22:22:50 2024: Sending video-data to <starlette.websockets.WebSocket object at 0x000002C9E93D1FF0>
Mon Dec  2 22:22:50 2024: Sending video-data to <starlette.websockets.WebSocket object at 0x000002C9E93D1FF0>
Mon Dec  2 22:22:50 2024: Sending video-data to <starlette.websockets.WebSocket object at 0x000002C9E93D1FF0>
Mon Dec  2 22:22:50 2024: Sending video-data to <starlette.websockets.WebSocket object at 0x000002C9E93D1FF0>
Mon Dec  2 22:22:50 2024: Sending video-data to <starlette.websockets.WebSocket object at 0x000002C9E93D1FF0>
Mon Dec  2 22:22:50 2024: Sending video-data to <starlette.websockets.WebSocket object at 0x000002C9E93D1FF0>
Mon Dec  2 22:22:50 2024: Sending video-data to <starlette.websockets.WebSocket object at 0x000002C9E93D1FF0>
Mon Dec  2 22:22:50 2024: Sending video-data to <starlette.websockets.WebSocket object at 0x000002C9E93D1FF0>
Mon Dec  2 22:22:50 2024: Sending video-data to <starlette.websockets.WebSocket object at 0x000002C9E93D1FF0>
Mon Dec  2 22:22:50 2024: Sending video-data to <starlette.websockets.WebSocket object at 0x000002C9E93D1FF0>
Mon Dec  2 22:22:50 2024: Sending video-data to <starlette.websockets.WebSocket object at 0x000002C9E93D1FF0>
Mon Dec  2 22:22:50 2024: Sending video-data to <starlette.websockets.WebSocket object at 0x000002C9E93D1FF0>
Mon Dec  2 22:22:50 2024: Sending video-data to <starlette.websockets.WebSocket object at 0x000002C9E93D1FF0>
Mon Dec  2 22:22:50 2024: Sending video-data to <starlette.websockets.WebSocket object at 0x000002C9E93D1FF0>
Mon Dec  2 22:22:50 2024: Sending video-data to <starlette.websockets.WebSocket object at 0x000002C9E93D1FF0>
Mon Dec  2 22:22:50 2024: Sending video-data to <starlette.websockets.WebSocket object at 0x000002C9E93D1FF0>
Mon Dec  2 22:22:50 2024: Sending video-data to <starlette.websockets.WebSocket object at 0x000002C9E93D1FF0>
Mon Dec  2 22:22:50 2024: Sending video-data to <starlette.websockets.WebSocket object at 0x000002C9E93D1FF0>
Mon Dec  2 22:22:50 2024: Sending video-data to <starlette.websockets.WebSocket object at 0x000002C9E93D1FF0>
Mon Dec  2 22:22:50 2024: Sending video-data to <starlette.websockets.WebSocket object at 0x000002C9E93D1FF0>
Mon Dec  2 22:22:50 2024: Sending video-data to <starlette.websockets.WebSocket object at 0x000002C9E93D1FF0>
Mon Dec  2 22:22:50 2024: Sending video-data to <starlette.websockets.WebSocket object at 0x000002C9E93D1FF0>
Mon Dec  2 22:22:50 2024: Sending video-data to <starlette.websockets.WebSocket object at 0x000002C9E93D1FF0>
Mon Dec  2 22:22:50 2024: Sending video-data to <starlette.websockets.WebSocket object at 0x000002C9E93D1FF0>
Mon Dec  2 22:22:50 2024: Sending video-data to <starlette.websockets.WebSocket object at 0x000002C9E93D1FF0>
Mon Dec  2 22:22:50 2024: Sending video-data to <starlette.websockets.WebSocket object at 0x000002C9E93D1FF0>
Mon Dec  2 22:22:50 2024: Sending video-data to <starlette.websockets.WebSocket object at 0x000002C9E93D1FF0>
Mon Dec  2 22:22:50 2024: Sending video-data to <starlette.websockets.WebSocket object at 0x000002C9E93D1FF0>
Mon Dec  2 22:22:50 2024: Sending video-data to <starlette.websockets.WebSocket object at 0x000002C9E93D1FF0>
Mon Dec  2 22:22:50 2024: Sending video-data to <starlette.websockets.WebSocket object at 0x000002C9E93D1FF0>
Mon Dec  2 22:22:50 2024: Sending video-data to <starlette.websockets.WebSocket object at 0x000002C9E93D1FF0>
Mon Dec  2 22:22:50 2024: Sending video-data to <starlette.websockets.WebSocket object at 0x000002C9E93D1FF0>
Mon Dec  2 22:22:50 2024: Sending video-data to <starlette.websockets.WebSocket object at 0x000002C9E93D1FF0>
Mon Dec  2 22:22:50 2024: Sending video-data to <starlette.websockets.WebSocket object at 0x000002C9E93D1FF0>
Mon Dec  2 22:22:50 2024: Sending video-data to <starlette.websockets.WebSocket object at 0x000002C9E93D1FF0>
Mon Dec  2 22:22:50 2024: Sending video-data to <starlette.websockets.WebSocket object at 0x000002C9E93D1FF0>
Mon Dec  2 22:22:50 2024: Sending video-data to <starlette.websockets.WebSocket object at 0x000002C9E93D1FF0>
Mon Dec  2 22:22:50 2024: Sending video-data to <starlette.websockets.WebSocket object at 0x000002C9E93D1FF0>
Mon Dec  2 22:22:50 2024: Sending video-data to <starlette.websockets.WebSocket object at 0x000002C9E93D1FF0>
Mon Dec  2 22:22:50 2024: Sending video-data to <starlette.websockets.WebSocket object at 0x000002C9E93D1FF0>
Mon Dec  2 22:22:50 2024: Sending video-data to <starlette.websockets.WebSocket object at 0x000002C9E93D1FF0>
Mon Dec  2 22:22:50 2024: Sending video-data to <starlette.websockets.WebSocket object at 0x000002C9E93D1FF0>
Mon Dec  2 22:22:50 2024: Sending video-data to <starlette.websockets.WebSocket object at 0x000002C9E93D1FF0>
Mon Dec  2 22:22:50 2024: Sending video-data to <starlette.websockets.WebSocket object at 0x000002C9E93D1FF0>
Mon Dec  2 22:22:50 2024: Sending video-data to <starlette.websockets.WebSocket object at 0x000002C9E93D1FF0>
Mon Dec  2 22:22:50 2024: Sending video-data to <starlette.websockets.WebSocket object at 0x000002C9E93D1FF0>
Mon Dec  2 22:22:50 2024: Sending video-data to <starlette.websockets.WebSocket object at 0x000002C9E93D1FF0>
Mon Dec  2 22:22:50 2024: Sending video-data to <starlette.websockets.WebSocket object at 0x000002C9E93D1FF0>
Mon Dec  2 22:22:50 2024: Sending video-data to <starlette.websockets.WebSocket object at 0x000002C9E93D1FF0>
Mon Dec  2 22:22:51 2024: Sending video-data to <starlette.websockets.WebSocket object at 0x000002C9E93D1FF0>
Mon Dec  2 22:22:51 2024: Sending video-data to <starlette.websockets.WebSocket object at 0x000002C9E93D1FF0>
Mon Dec  2 22:22:51 2024: Sending video-data to <starlette.websockets.WebSocket object at 0x000002C9E93D1FF0>
Mon Dec  2 22:22:51 2024: Sending video-data to <starlette.websockets.WebSocket object at 0x000002C9E93D1FF0>
Mon Dec  2 22:22:51 2024: Sending video-data to <starlette.websockets.WebSocket object at 0x000002C9E93D1FF0>
Mon Dec  2 22:22:51 2024: Sending video-data to <starlette.websockets.WebSocket object at 0x000002C9E93D1FF0>
Mon Dec  2 22:22:51 2024: Sending video-data to <starlette.websockets.WebSocket object at 0x000002C9E93D1FF0>
Mon Dec  2 22:22:51 2024: Sending video-data to <starlette.websockets.WebSocket object at 0x000002C9E93D1FF0>
Mon Dec  2 22:22:52 2024: Sending video-data to <starlette.websockets.WebSocket object at 0x000002C9E93D1FF0>
Mon Dec  2 22:22:53 2024: Sending video-data to <starlette.websockets.WebSocket object at 0x000002C9E93D1FF0>
Mon Dec  2 22:22:53 2024: Sending video-data to <starlette.websockets.WebSocket object at 0x000002C9E93D1FF0>
Mon Dec  2 22:22:53 2024: Sending video-data to <starlette.websockets.WebSocket object at 0x000002C9E93D1FF0>
